<?xml version="1.0" encoding="UTF-8"?>
<testsuite name="com.example.demo.StudnetServiceTest" tests="1" skipped="0" failures="0" errors="0" timestamp="2023-04-14T09:32:41" hostname="LAB13" time="0.039">
  <properties/>
  <testcase name="addStudentHasNewID()" classname="com.example.demo.StudnetServiceTest" time="0.039"/>
  <system-out><![CDATA[]]></system-out>
  <system-err><![CDATA[]]></system-err>
</testsuite>
